<?xml version="1.0" encoding="UTF-8"?>
<testsuite xmlns:xsi="http://www.w3.org/2001/XMLSchema-instance" xsi:noNamespaceSchemaLocation="https://maven.apache.org/surefire/maven-surefire-plugin/xsd/surefire-test-report-3.0.xsd" version="3.0" name="com.example.helloworld.GreetingControllerTest" time="0.085" tests="1" errors="0" skipped="0" failures="0">
  <properties>
[...]
</properties>
  <testcase name="testGetGreeting" classname="com.example.helloworld.GreetingControllerTest" time="0.069">
    <system-out><![CDATA[11:55:05.503 [main] INFO com.example.helloworld.application.GreetingService -- {{"timestamp":"1746888905502","level":"INFO","message":"Generating greeting message"}}
]]></system-out>
  </testcase>
</testsuite>